<?xml version="1.0" encoding="UTF-8"?>
<testsuite xmlns:xsi="http://www.w3.org/2001/XMLSchema-instance" xsi:schemaLocation="https://maven.apache.org/surefire/maven-surefire-plugin/xsd/surefire-test-report.xsd" name="com.neotys.weathercrisis.CreateReport.CreateReportTest" time="0.004" tests="1" errors="1" skipped="0" failures="0">
  <properties>
    <property name="java.runtime.name" value="Java(TM) SE Runtime Environment"/>
    <property name="sun.boot.library.path" value="C:\Program Files (x86)\Java\jre1.8.0_73\bin"/>
    <property name="java.vm.version" value="25.73-b02"/>
    <property name="java.vm.vendor" value="Oracle Corporation"/>
    <property name="maven.multiModuleProjectDirectory" value="C:\Users\Administrator\workspace\CreateReport"/>
    <property name="java.vendor.url" value="http://java.oracle.com/"/>
    <property name="path.separator" value=";"/>
    <property name="guice.disable.misplaced.annotation.check" value="true"/>
    <property name="java.vm.name" value="Java HotSpot(TM) Client VM"/>
    <property name="file.encoding.pkg" value="sun.io"/>
    <property name="user.script" value=""/>
    <property name="user.country" value="US"/>
    <property name="sun.java.launcher" value="SUN_STANDARD"/>
    <property name="sun.os.patch.level" value="Service Pack 1"/>
    <property name="test" value="CreateReportTest#testUshahidi"/>
    <property name="java.vm.specification.name" value="Java Virtual Machine Specification"/>
    <property name="user.dir" value="C:\Users\Administrator\workspace\CreateReport"/>
    <property name="java.runtime.version" value="1.8.0_73-b02"/>
    <property name="java.awt.graphicsenv" value="sun.awt.Win32GraphicsEnvironment"/>
    <property name="java.endorsed.dirs" value="C:\Program Files (x86)\Java\jre1.8.0_73\lib\endorsed"/>
    <property name="os.arch" value="x86"/>
    <property name="java.io.tmpdir" value="C:\Users\ADMINI~1\AppData\Local\Temp\"/>
    <property name="line.separator" value="&#10;"/>
    <property name="java.vm.specification.vendor" value="Oracle Corporation"/>
    <property name="user.variant" value=""/>
    <property name="nl.design.api.url" value="http://cpv4.intranet.neotys.com:7400/Design/v1/Service.svc/"/>
    <property name="os.name" value="Windows 7"/>
    <property name="classworlds.conf" value="C:\apache-maven-3.3.9\bin\..\bin\m2.conf"/>
    <property name="sun.jnu.encoding" value="Cp1252"/>
    <property name="java.library.path" value="C:\Program Files (x86)\Java\jre1.8.0_73\bin;C:\Windows\Sun\Java\bin;C:\Windows\system32;C:\Windows;C:\ProgramData\Oracle\Java\javapath;C:\Windows\system32;C:\Windows;C:\Windows\System32\Wbem;C:\Windows\System32\WindowsPowerShell\v1.0\;c:\eclipse\jre\bin;C:\apache-maven-3.3.9\bin;."/>
    <property name="java.specification.name" value="Java Platform API Specification"/>
    <property name="java.class.version" value="52.0"/>
    <property name="sun.management.compiler" value="HotSpot Client Compiler"/>
    <property name="os.version" value="6.1"/>
    <property name="user.home" value="C:\Users\Administrator"/>
    <property name="user.timezone" value="Europe/Paris"/>
    <property name="java.awt.printerjob" value="sun.awt.windows.WPrinterJob"/>
    <property name="java.specification.version" value="1.8"/>
    <property name="file.encoding" value="Cp1252"/>
    <property name="user.name" value="Administrator"/>
    <property name="java.class.path" value="C:\apache-maven-3.3.9\bin\..\boot\plexus-classworlds-2.5.2.jar"/>
    <property name="java.vm.specification.version" value="1.8"/>
    <property name="sun.arch.data.model" value="32"/>
    <property name="java.home" value="C:\Program Files (x86)\Java\jre1.8.0_73"/>
    <property name="sun.java.command" value="org.codehaus.plexus.classworlds.launcher.Launcher -Dnl.selenium.proxy.mode=Design -Dnl.design.api.url=http://cpv4.intranet.neotys.com:7400/Design/v1/Service.svc/ -Dtest=CreateReportTest#testUshahidi clean test"/>
    <property name="java.specification.vendor" value="Oracle Corporation"/>
    <property name="user.language" value="en"/>
    <property name="awt.toolkit" value="sun.awt.windows.WToolkit"/>
    <property name="java.vm.info" value="mixed mode, sharing"/>
    <property name="java.version" value="1.8.0_73"/>
    <property name="java.ext.dirs" value="C:\Program Files (x86)\Java\jre1.8.0_73\lib\ext;C:\Windows\Sun\Java\lib\ext"/>
    <property name="sun.boot.class.path" value="C:\Program Files (x86)\Java\jre1.8.0_73\lib\resources.jar;C:\Program Files (x86)\Java\jre1.8.0_73\lib\rt.jar;C:\Program Files (x86)\Java\jre1.8.0_73\lib\sunrsasign.jar;C:\Program Files (x86)\Java\jre1.8.0_73\lib\jsse.jar;C:\Program Files (x86)\Java\jre1.8.0_73\lib\jce.jar;C:\Program Files (x86)\Java\jre1.8.0_73\lib\charsets.jar;C:\Program Files (x86)\Java\jre1.8.0_73\lib\jfr.jar;C:\Program Files (x86)\Java\jre1.8.0_73\classes"/>
    <property name="nl.selenium.proxy.mode" value="Design"/>
    <property name="sun.stderr.encoding" value="cp437"/>
    <property name="java.vendor" value="Oracle Corporation"/>
    <property name="maven.home" value="C:\apache-maven-3.3.9\bin\.."/>
    <property name="file.separator" value="\"/>
    <property name="java.vendor.url.bug" value="http://bugreport.sun.com/bugreport/"/>
    <property name="sun.cpu.endian" value="little"/>
    <property name="sun.io.unicode.encoding" value="UnicodeLittle"/>
    <property name="sun.stdout.encoding" value="cp437"/>
    <property name="sun.desktop" value="windows"/>
    <property name="sun.cpu.isalist" value="pentium_pro+mmx pentium_pro pentium+mmx pentium i486 i386 i86"/>
  </properties>
  <testcase name="com.neotys.weathercrisis.CreateReport.CreateReportTest" classname="com.neotys.weathercrisis.CreateReport.CreateReportTest" time="0.003">
    <error type="java.lang.ExceptionInInitializerError">java.lang.ExceptionInInitializerError
	at com.neotys.weathercrisis.CreateReport.CreateReportTest.before(CreateReportTest.java:42)
Caused by: java.lang.RuntimeException: Issue contacting DesignAPI server.
	at com.neotys.weathercrisis.CreateReport.CreateReportTest.before(CreateReportTest.java:42)
Caused by: java.io.FileNotFoundException: http://cpv4.intranet.neotys.com:7400/Design/v1/Service.svc//$metadata
	at com.neotys.weathercrisis.CreateReport.CreateReportTest.before(CreateReportTest.java:42)
</error>
    <system-out><![CDATA[2016-12-12 10:56:50,025 org.apache.http.client.protocol.RequestAddCookies.process() 
DEBUG: CookieSpec selected: default
2016-12-12 10:56:50,037 org.apache.http.client.protocol.RequestAuthCache.process() 
DEBUG: Auth cache not set in the context
2016-12-12 10:56:50,039 org.apache.http.impl.conn.PoolingHttpClientConnectionManager.requestConnection() 
DEBUG: Connection request: [route: {}->http://127.0.0.1:7056][total kept alive: 0; route allocated: 0 of 2000; total allocated: 0 of 2000]
2016-12-12 10:56:50,054 org.apache.http.impl.conn.PoolingHttpClientConnectionManager.leaseConnection() 
DEBUG: Connection leased: [id: 0][route: {}->http://127.0.0.1:7056][total kept alive: 0; route allocated: 1 of 2000; total allocated: 1 of 2000]
2016-12-12 10:56:50,056 org.apache.http.impl.execchain.MainClientExec.execute() 
DEBUG: Opening connection {}->http://127.0.0.1:7056
2016-12-12 10:56:50,057 org.apache.http.impl.conn.DefaultHttpClientConnectionOperator.connect() 
DEBUG: Connecting to /127.0.0.1:7056
2016-12-12 10:56:50,058 org.apache.http.impl.conn.DefaultHttpClientConnectionOperator.connect() 
DEBUG: Connection established 127.0.0.1:51948<->127.0.0.1:7056
2016-12-12 10:56:50,059 org.apache.http.impl.conn.DefaultManagedHttpClientConnection.setSocketTimeout() 
DEBUG: http-outgoing-0: set socket timeout to 10800000
2016-12-12 10:56:50,059 org.apache.http.impl.execchain.MainClientExec.execute() 
DEBUG: Executing request POST /hub/session HTTP/1.1
2016-12-12 10:56:50,059 org.apache.http.impl.execchain.MainClientExec.execute() 
DEBUG: Target auth state: UNCHALLENGED
2016-12-12 10:56:50,060 org.apache.http.impl.execchain.MainClientExec.execute() 
DEBUG: Proxy auth state: UNCHALLENGED
2016-12-12 10:56:50,061 org.apache.http.headers.onRequestSubmitted() 
DEBUG: http-outgoing-0 >> POST /hub/session HTTP/1.1
2016-12-12 10:56:50,062 org.apache.http.headers.onRequestSubmitted() 
DEBUG: http-outgoing-0 >> Content-Type: application/json; charset=utf-8
2016-12-12 10:56:50,062 org.apache.http.headers.onRequestSubmitted() 
DEBUG: http-outgoing-0 >> Content-Length: 105
2016-12-12 10:56:50,062 org.apache.http.headers.onRequestSubmitted() 
DEBUG: http-outgoing-0 >> Host: 127.0.0.1:7056
2016-12-12 10:56:50,063 org.apache.http.headers.onRequestSubmitted() 
DEBUG: http-outgoing-0 >> Connection: Keep-Alive
2016-12-12 10:56:50,064 org.apache.http.headers.onRequestSubmitted() 
DEBUG: http-outgoing-0 >> User-Agent: Apache-HttpClient/4.5.1 (Java/1.8.0_73)
2016-12-12 10:56:50,064 org.apache.http.headers.onRequestSubmitted() 
DEBUG: http-outgoing-0 >> Accept-Encoding: gzip,deflate
2016-12-12 10:56:50,064 org.apache.http.wire.wire() 
DEBUG: http-outgoing-0 >> "POST /hub/session HTTP/1.1[\r][\n]"
2016-12-12 10:56:50,064 org.apache.http.wire.wire() 
DEBUG: http-outgoing-0 >> "Content-Type: application/json; charset=utf-8[\r][\n]"
2016-12-12 10:56:50,065 org.apache.http.wire.wire() 
DEBUG: http-outgoing-0 >> "Content-Length: 105[\r][\n]"
2016-12-12 10:56:50,065 org.apache.http.wire.wire() 
DEBUG: http-outgoing-0 >> "Host: 127.0.0.1:7056[\r][\n]"
2016-12-12 10:56:50,065 org.apache.http.wire.wire() 
DEBUG: http-outgoing-0 >> "Connection: Keep-Alive[\r][\n]"
2016-12-12 10:56:50,065 org.apache.http.wire.wire() 
DEBUG: http-outgoing-0 >> "User-Agent: Apache-HttpClient/4.5.1 (Java/1.8.0_73)[\r][\n]"
2016-12-12 10:56:50,065 org.apache.http.wire.wire() 
DEBUG: http-outgoing-0 >> "Accept-Encoding: gzip,deflate[\r][\n]"
2016-12-12 10:56:50,065 org.apache.http.wire.wire() 
DEBUG: http-outgoing-0 >> "[\r][\n]"
2016-12-12 10:56:50,065 org.apache.http.wire.wire() 
DEBUG: http-outgoing-0 >> "{"desiredCapabilities":{"browserName":"firefox","version":"","platform":"ANY"},"requiredCapabilities":{}}"
2016-12-12 10:56:50,113 org.apache.http.wire.wire() 
DEBUG: http-outgoing-0 << "HTTP/1.1 200 OK[\r][\n]"
2016-12-12 10:56:50,116 org.apache.http.wire.wire() 
DEBUG: http-outgoing-0 << "content-type: application/json; charset=UTF-8[\r][\n]"
2016-12-12 10:56:50,116 org.apache.http.wire.wire() 
DEBUG: http-outgoing-0 << "connection: close[\r][\n]"
2016-12-12 10:56:50,116 org.apache.http.wire.wire() 
DEBUG: http-outgoing-0 << "content-length: 423[\r][\n]"
2016-12-12 10:56:50,116 org.apache.http.wire.wire() 
DEBUG: http-outgoing-0 << "server: httpd.js[\r][\n]"
2016-12-12 10:56:50,116 org.apache.http.wire.wire() 
DEBUG: http-outgoing-0 << "date: Mon, 12 Dec 2016 09:56:50 GMT[\r][\n]"
2016-12-12 10:56:50,116 org.apache.http.wire.wire() 
DEBUG: http-outgoing-0 << "[\r][\n]"
2016-12-12 10:56:50,119 org.apache.http.headers.onResponseReceived() 
DEBUG: http-outgoing-0 << HTTP/1.1 200 OK
2016-12-12 10:56:50,120 org.apache.http.headers.onResponseReceived() 
DEBUG: http-outgoing-0 << content-type: application/json; charset=UTF-8
2016-12-12 10:56:50,120 org.apache.http.headers.onResponseReceived() 
DEBUG: http-outgoing-0 << connection: close
2016-12-12 10:56:50,120 org.apache.http.headers.onResponseReceived() 
DEBUG: http-outgoing-0 << content-length: 423
2016-12-12 10:56:50,120 org.apache.http.headers.onResponseReceived() 
DEBUG: http-outgoing-0 << server: httpd.js
2016-12-12 10:56:50,120 org.apache.http.headers.onResponseReceived() 
DEBUG: http-outgoing-0 << date: Mon, 12 Dec 2016 09:56:50 GMT
2016-12-12 10:56:50,128 org.apache.http.wire.wire() 
DEBUG: http-outgoing-0 << "{"name":"newSession","sessionId":"aa026541-f691-4408-bef4-03c7cb948566","status":0,"value":{"cssSelectorsEnabled":true,"browserName":"firefox","handlesAlerts":true,"javascriptEnabled":true,"nativeEvents":false,"platform":"WINDOWS","rotatable":false,"takesScreenshot":true,"version":"45.5.0","webStorageEnabled":true,"applicationCacheEnabled":true,"databaseEnabled":true,"locationContextEnabled":true,"acceptSslCerts":true}}"
2016-12-12 10:56:50,128 org.apache.http.impl.conn.DefaultManagedHttpClientConnection.close() 
DEBUG: http-outgoing-0: Close connection
2016-12-12 10:56:50,129 org.apache.http.impl.execchain.MainClientExec.releaseConnection() 
DEBUG: Connection discarded
2016-12-12 10:56:50,129 org.apache.http.impl.conn.PoolingHttpClientConnectionManager.releaseConnection() 
DEBUG: Connection released: [id: 0][route: {}->http://127.0.0.1:7056][total kept alive: 0; route allocated: 0 of 2000; total allocated: 0 of 2000]
]]></system-out>
  </testcase>
</testsuite>